#
# There is insufficient memory for the Java Runtime Environment to continue.
# Native memory allocation (mmap) failed to map 402653184 bytes. Error detail: G1 virtual space
# Possible reasons:
#   The system is out of physical RAM or swap space
#   This process is running with CompressedOops enabled, and the Java Heap may be blocking the growth of the native heap
# Possible solutions:
#   Reduce memory load on the system
#   Increase physical memory or swap space
#   Check if swap backing store is full
#   Decrease Java heap size (-Xmx/-Xms)
#   Decrease number of Java threads
#   Decrease Java thread stack sizes (-Xss)
#   Set larger code cache with -XX:ReservedCodeCacheSize=
#   JVM is running with Zero Based Compressed Oops mode in which the Java heap is
#     placed in the first 32GB address space. The Java Heap base address is the
#     maximum limit for the native heap growth. Please use -XX:HeapBaseMinAddress
#     to set the Java Heap base and to place the Java Heap above 32GB virtual address.
# This output file may be truncated or incomplete.
#
#  Out of Memory Error (os_windows.cpp:3631), pid=14900, tid=2892
#
# JRE version:  (22.0.1+8) (build )
# Java VM: Java HotSpot(TM) 64-Bit Server VM (22.0.1+8-16, mixed mode, sharing, tiered, compressed oops, compressed class ptrs, g1 gc, windows-amd64)
# No core dump will be written. Minidumps are not enabled by default on client versions of Windows
#

---------------  S U M M A R Y ------------

Command Line: -Dfile.encoding=UTF-8 --module-path=C:\Users\Vivob\OneDrive\Documents\NetBeansProjects\PBO-Tugas AKhir\build\classes login.Login

Host: Intel(R) Core(TM) i5-8250U CPU @ 1.60GHz, 8 cores, 23G,  Windows 11 , 64 bit Build 22621 (10.0.22621.3672)
Time: Tue Jul 23 11:51:54 2024 SE Asia Standard Time elapsed time: 0.044171 seconds (0d 0h 0m 0s)

---------------  T H R E A D  ---------------

Current thread (0x00000128fa75f8b0):  JavaThread "Unknown thread" [_thread_in_vm, id=2892, stack(0x0000000127700000,0x0000000127800000) (1024K)]

Stack: [0x0000000127700000,0x0000000127800000]
Native frames: (J=compiled Java code, j=interpreted, Vv=VM code, C=native code)
V  [jvm.dll+0x6e2279]  (no source info available)
V  [jvm.dll+0x874e33]  (no source info available)
V  [jvm.dll+0x87725e]  (no source info available)
V  [jvm.dll+0x877933]  (no source info available)
V  [jvm.dll+0x27fd76]  (no source info available)
V  [jvm.dll+0x6de915]  (no source info available)
V  [jvm.dll+0x6d341a]  (no source info available)
V  [jvm.dll+0x3589da]  (no source info available)
V  [jvm.dll+0x360f06]  (no source info available)
V  [jvm.dll+0x3b3e2e]  (no source info available)
V  [jvm.dll+0x3b40d8]  (no source info available)
V  [jvm.dll+0x32c59c]  (no source info available)
V  [jvm.dll+0x32d158]  (no source info available)
V  [jvm.dll+0x83ccdc]  (no source info available)
V  [jvm.dll+0x3c0d71]  (no source info available)
V  [jvm.dll+0x825ccc]  (no source info available)
V  [jvm.dll+0x45b8fe]  (no source info available)
V  [jvm.dll+0x45d781]  (no source info available)
C  [jli.dll+0x52a3]  (no source info available)
C  [ucrtbase.dll+0x29333]  (no source info available)
C  [KERNEL32.DLL+0x1257d]  (no source info available)
C  [ntdll.dll+0x5af28]  (no source info available)


---------------  P R O C E S S  ---------------

Threads class SMR info:
_java_thread_list=0x00007ffb37c4b1c8, length=0, elements={
}

Java Threads: ( => current thread )
Total: 0

Other Threads:
  0x00000128fa7dd3a0 WorkerThread "GC Thread#0"                     [id=24308, stack(0x0000000127800000,0x0000000127900000) (1024K)]
  0x00000128fa7eaf70 ConcurrentGCThread "G1 Main Marker"            [id=8200, stack(0x0000000127900000,0x0000000127a00000) (1024K)]
  0x00000128fa7ec130 WorkerThread "G1 Conc#0"                       [id=29016, stack(0x0000000127a00000,0x0000000127b00000) (1024K)]

[error occurred during error reporting (printing all threads), id 0xc0000005, EXCEPTION_ACCESS_VIOLATION (0xc0000005) at pc=0x00007ffb3739f367]
VM state: not at safepoint (not fully initialized)

VM Mutex/Monitor currently owned by a thread:  ([mutex/lock_event])
[0x00007ffb37ccbcb8] Heap_lock - owner thread: 0x00000128fa75f8b0

Heap address: 0x0000000681c00000, size: 6116 MB, Compressed Oops mode: Zero based, Oop shift amount: 3

CDS archive(s) mapped at: [0x0000000000000000-0x0000000000000000-0x0000000000000000), size 0, SharedBaseAddress: 0x0000000800000000, ArchiveRelocationMode: 1.
Narrow klass base: 0x0000000000000000, Narrow klass shift: 0, Narrow klass range: 0x0

GC Precious Log:
 CardTable entry size: 512
 Card Set container configuration: InlinePtr #cards 4 size 8 Array Of Cards #cards 32 size 80 Howl #buckets 8 coarsen threshold 7372 Howl Bitmap #cards 1024 size 144 coarsen threshold 921 Card regions per heap region 1 cards per card region 8192

Heap:
 garbage-first heap   total reserved 6262784K, committed 0K, used 0K [0x0000000681c00000, 0x0000000800000000)
  region size 4096K, 0 young (0K), 0 survivors (0K)

[error occurred during error reporting (printing heap information), id 0xc0000005, EXCEPTION_ACCESS_VIOLATION (0xc0000005) at pc=0x00007ffb3779e429]
GC Heap History (0 events):
No events

Dll operation events (1 events):
Event: 0.014 Loaded shared library C:\Program Files\Java\jdk-22\bin\java.dll

Deoptimization events (0 events):
No events

Classes loaded (0 events):
No events

Classes unloaded (0 events):
No events

Classes redefined (0 events):
No events

Internal exceptions (0 events):
No events

ZGC Phase Switch (0 events):
No events

VM Operations (0 events):
No events

Events (0 events):
No events


Dynamic libraries:
0x00007ff65a510000 - 0x00007ff65a520000 	C:\Program Files\Java\jdk-22\bin\java.exe
0x00007ffb950d0000 - 0x00007ffb952e7000 	C:\Windows\SYSTEM32\ntdll.dll
0x00007ffb93780000 - 0x00007ffb93844000 	C:\Windows\System32\KERNEL32.DLL
0x00007ffb92590000 - 0x00007ffb9293d000 	C:\Windows\System32\KERNELBASE.dll
0x00007ffb92940000 - 0x00007ffb92a51000 	C:\Windows\System32\ucrtbase.dll
0x00007ffb8efd0000 - 0x00007ffb8efeb000 	C:\Program Files\Java\jdk-22\bin\VCRUNTIME140.dll
0x00007ffb82c50000 - 0x00007ffb82c67000 	C:\Program Files\Java\jdk-22\bin\jli.dll
0x00007ffb935c0000 - 0x00007ffb93672000 	C:\Windows\System32\ADVAPI32.dll
0x00007ffb93d60000 - 0x00007ffb93e07000 	C:\Windows\System32\msvcrt.dll
0x00007ffb936c0000 - 0x00007ffb93769000 	C:\Windows\System32\sechost.dll
0x00007ffb92400000 - 0x00007ffb92428000 	C:\Windows\System32\bcrypt.dll
0x00007ffb93300000 - 0x00007ffb93414000 	C:\Windows\System32\RPCRT4.dll
0x00007ffb92e10000 - 0x00007ffb92fbe000 	C:\Windows\System32\USER32.dll
0x00007ffb92430000 - 0x00007ffb92456000 	C:\Windows\System32\win32u.dll
0x00007ffb6f4c0000 - 0x00007ffb6f753000 	C:\Windows\WinSxS\amd64_microsoft.windows.common-controls_6595b64144ccf1df_6.0.22621.3672_none_2713b9d173822955\COMCTL32.dll
0x00007ffb93850000 - 0x00007ffb93879000 	C:\Windows\System32\GDI32.dll
0x00007ffb92cf0000 - 0x00007ffb92e09000 	C:\Windows\System32\gdi32full.dll
0x00007ffb92c50000 - 0x00007ffb92cea000 	C:\Windows\System32\msvcp_win.dll
0x00007ffb8d710000 - 0x00007ffb8d71a000 	C:\Windows\SYSTEM32\VERSION.dll
0x00007ffb93680000 - 0x00007ffb936b1000 	C:\Windows\System32\IMM32.DLL
0x00007ffb8efc0000 - 0x00007ffb8efcc000 	C:\Program Files\Java\jdk-22\bin\vcruntime140_1.dll
0x00007ffb54e50000 - 0x00007ffb54ede000 	C:\Program Files\Java\jdk-22\bin\msvcp140.dll
0x00007ffb37060000 - 0x00007ffb37da7000 	C:\Program Files\Java\jdk-22\bin\server\jvm.dll
0x00007ffb95000000 - 0x00007ffb95071000 	C:\Windows\System32\WS2_32.dll
0x00007ffb92110000 - 0x00007ffb9215d000 	C:\Windows\SYSTEM32\POWRPROF.dll
0x00007ffb8b980000 - 0x00007ffb8b9b4000 	C:\Windows\SYSTEM32\WINMM.dll
0x00007ffb920f0000 - 0x00007ffb92103000 	C:\Windows\SYSTEM32\UMPDC.dll
0x00007ffb91430000 - 0x00007ffb91448000 	C:\Windows\SYSTEM32\kernel.appcore.dll
0x00007ffb8ede0000 - 0x00007ffb8edea000 	C:\Program Files\Java\jdk-22\bin\jimage.dll
0x00007ffb7dfc0000 - 0x00007ffb7e1f2000 	C:\Windows\SYSTEM32\DBGHELP.DLL
0x00007ffb94930000 - 0x00007ffb94cb8000 	C:\Windows\System32\combase.dll
0x00007ffb93420000 - 0x00007ffb934f7000 	C:\Windows\System32\OLEAUT32.dll
0x00007ffb5e630000 - 0x00007ffb5e662000 	C:\Windows\SYSTEM32\dbgcore.DLL
0x00007ffb92bd0000 - 0x00007ffb92c4b000 	C:\Windows\System32\bcryptPrimitives.dll
0x00007ffb8ef70000 - 0x00007ffb8ef8e000 	C:\Program Files\Java\jdk-22\bin\java.dll
0x00007ffb93fd0000 - 0x00007ffb9482f000 	C:\Windows\System32\SHELL32.dll
0x00007ffb92fe0000 - 0x00007ffb93185000 	C:\Windows\System32\ole32.dll

dbghelp: loaded successfully - version: 4.0.5 - missing functions: none
symbol engine: initialized successfully - sym options: 0x614 - pdb path: .;C:\Program Files\Java\jdk-22\bin;C:\Windows\SYSTEM32;C:\Windows\WinSxS\amd64_microsoft.windows.common-controls_6595b64144ccf1df_6.0.22621.3672_none_2713b9d173822955;C:\Program Files\Java\jdk-22\bin\server

VM Arguments:
jvm_args: -Dfile.encoding=UTF-8 --module-path=C:\Users\Vivob\OneDrive\Documents\NetBeansProjects\PBO-Tugas AKhir\build\classes 
java_command: login.Login
java_class_path (initial): C:\Users\Vivob\OneDrive\Documents\mysql-connector-j-9.0.0.jar;C:\Users\Vivob\OneDrive\Documents\NetBeansProjects\PBO-Tugas AKhir\build\classes
Launcher Type: SUN_STANDARD

[Global flags]
     intx CICompilerCount                          = 4                                         {product} {ergonomic}
     uint ConcGCThreads                            = 2                                         {product} {ergonomic}
     uint G1ConcRefinementThreads                  = 8                                         {product} {ergonomic}
   size_t G1HeapRegionSize                         = 4194304                                   {product} {ergonomic}
   size_t InitialHeapSize                          = 402653184                                 {product} {ergonomic}
   size_t MarkStackSize                            = 4194304                                   {product} {ergonomic}
   size_t MaxHeapSize                              = 6413090816                                {product} {ergonomic}
   size_t MinHeapDeltaBytes                        = 4194304                                   {product} {ergonomic}
   size_t MinHeapSize                              = 8388608                                   {product} {ergonomic}
    uintx NonNMethodCodeHeapSize                   = 5839372                                {pd product} {ergonomic}
    uintx NonProfiledCodeHeapSize                  = 122909434                              {pd product} {ergonomic}
    uintx ProfiledCodeHeapSize                     = 122909434                              {pd product} {ergonomic}
    uintx ReservedCodeCacheSize                    = 251658240                              {pd product} {ergonomic}
     bool SegmentedCodeCache                       = true                                      {product} {ergonomic}
   size_t SoftMaxHeapSize                          = 6413090816                             {manageable} {ergonomic}
     bool UseCompressedOops                        = true                           {product lp64_product} {ergonomic}
     bool UseG1GC                                  = true                                      {product} {ergonomic}
     bool UseLargePagesIndividualAllocation        = false                                  {pd product} {ergonomic}

Logging:
Log output configuration:
 #0: stdout all=warning uptime,level,tags foldmultilines=false
 #1: stderr all=off uptime,level,tags foldmultilines=false

Environment Variables:
JAVA_HOME=c:\Android\openjdk
PATH=C:\Program Files\Common Files\Oracle\Java\javapath;C:\Windows\system32;C:\Windows;C:\Windows\System32\Wbem;C:\Windows\System32\WindowsPowerShell\v1.0\;C:\Windows\System32\OpenSSH\;C:\Program Files\NVIDIA Corporation\NVIDIA NvDLISR;C:\Program Files (x86)\NVIDIA Corporation\PhysX\Common;C:\Android\tools\bin;C:\Android\flutter\bin;C:\Program Files\nodejs\;C:\ProgramData\chocolatey\bin;C:\Program Files\Go\bin;C:\MinGW\bin;C:\Program Files\Git\cmd;C:\xampp\mysql\bin;C:\Users\Vivob\AppData\Local\Programs\Python\Python311\Scripts\;C:\Users\Vivob\AppData\Local\Programs\Python\Python311\;C:\Users\Vivob\AppData\Local\Microsoft\WindowsApps;C:\Users\Vivob\AppData\Local\Programs\Microsoft VS Code\bin;C:\Users\Vivob\AppData\Roaming\npm;C:\Users\Vivob\go\bin;C:\MinGW\bin;
USERNAME=Vivob
OS=Windows_NT
PROCESSOR_IDENTIFIER=Intel64 Family 6 Model 142 Stepping 10, GenuineIntel
TMP=C:\Users\Vivob\AppData\Local\Temp
TEMP=C:\Users\Vivob\AppData\Local\Temp




Periodic native trim disabled

---------------  S Y S T E M  ---------------

OS:
 Windows 11 , 64 bit Build 22621 (10.0.22621.3672)
OS uptime: 7 days 15:42 hours

CPU: total 8 (initial active 8) (4 cores per cpu, 2 threads per core) family 6 model 142 stepping 10 microcode 0xe0, cx8, cmov, fxsr, ht, mmx, 3dnowpref, sse, sse2, sse3, ssse3, sse4.1, sse4.2, popcnt, lzcnt, tsc, tscinvbit, avx, avx2, aes, erms, clmul, bmi1, bmi2, adx, fma, vzeroupper, clflush, clflushopt, rdtscp, f16c
Processor Information for all 8 processors :
  Max Mhz: 1800, Current Mhz: 1600, Mhz Limit: 1584

Memory: 4k page, system-wide physical 24458M (4394M free)
TotalPageFile size 26970M (AvailPageFile size 56M)
current process WorkingSet (physical memory assigned to process): 12M, peak: 12M
current process commit charge ("private bytes"): 60M, peak: 444M

vm_info: Java HotSpot(TM) 64-Bit Server VM (22.0.1+8-16) for windows-amd64 JRE (22.0.1+8-16), built on 2024-03-12T10:33:16Z by "mach5one" with MS VC++ 17.6 (VS2022)

END.
